2025-01-01 21:37:33,399:WARNING:
'cuml' is a soft dependency and not included in the pycaret installation. Please run: `pip install cuml` to install.
2025-01-01 21:37:33,399:WARNING:
'cuml' is a soft dependency and not included in the pycaret installation. Please run: `pip install cuml` to install.
2025-01-01 21:37:33,400:WARNING:
'cuml' is a soft dependency and not included in the pycaret installation. Please run: `pip install cuml` to install.
2025-01-01 21:37:33,400:WARNING:
'cuml' is a soft dependency and not included in the pycaret installation. Please run: `pip install cuml` to install.
2025-01-01 21:41:11,591:WARNING:
'cuml' is a soft dependency and not included in the pycaret installation. Please run: `pip install cuml` to install.
2025-01-01 21:41:11,604:WARNING:
'cuml' is a soft dependency and not included in the pycaret installation. Please run: `pip install cuml` to install.
2025-01-01 21:41:11,604:WARNING:
'cuml' is a soft dependency and not included in the pycaret installation. Please run: `pip install cuml` to install.
2025-01-01 21:41:11,604:WARNING:
'cuml' is a soft dependency and not included in the pycaret installation. Please run: `pip install cuml` to install.
2025-01-01 21:41:42,681:INFO:Initializing load_model()
2025-01-01 21:41:42,681:INFO:load_model(model_name=model/VGG16_URSC_2.h5, platform=None, authentication=None, verbose=True)
2025-01-01 21:42:28,872:WARNING:
'cuml' is a soft dependency and not included in the pycaret installation. Please run: `pip install cuml` to install.
2025-01-01 21:42:28,873:WARNING:
'cuml' is a soft dependency and not included in the pycaret installation. Please run: `pip install cuml` to install.
2025-01-01 21:42:28,873:WARNING:
'cuml' is a soft dependency and not included in the pycaret installation. Please run: `pip install cuml` to install.
2025-01-01 21:42:28,874:WARNING:
'cuml' is a soft dependency and not included in the pycaret installation. Please run: `pip install cuml` to install.
2025-01-01 21:42:32,110:INFO:Initializing load_model()
2025-01-01 21:42:32,110:INFO:load_model(model_name=model/VGG16_URSC_2.h5, platform=None, authentication=None, verbose=True)
2025-01-01 21:48:20,962:WARNING:
'cuml' is a soft dependency and not included in the pycaret installation. Please run: `pip install cuml` to install.
2025-01-01 21:48:20,963:WARNING:
'cuml' is a soft dependency and not included in the pycaret installation. Please run: `pip install cuml` to install.
2025-01-01 21:48:20,963:WARNING:
'cuml' is a soft dependency and not included in the pycaret installation. Please run: `pip install cuml` to install.
2025-01-01 21:48:20,963:WARNING:
'cuml' is a soft dependency and not included in the pycaret installation. Please run: `pip install cuml` to install.
2025-01-01 21:50:14,102:WARNING:
'cuml' is a soft dependency and not included in the pycaret installation. Please run: `pip install cuml` to install.
2025-01-01 21:50:14,102:WARNING:
'cuml' is a soft dependency and not included in the pycaret installation. Please run: `pip install cuml` to install.
2025-01-01 21:50:14,102:WARNING:
'cuml' is a soft dependency and not included in the pycaret installation. Please run: `pip install cuml` to install.
2025-01-01 21:50:14,102:WARNING:
'cuml' is a soft dependency and not included in the pycaret installation. Please run: `pip install cuml` to install.
2025-01-01 21:57:08,027:INFO:Initializing load_model()
2025-01-01 21:57:08,027:INFO:load_model(model_name=model/best_model_structured_SIP_High_Res, platform=None, authentication=None, verbose=True)
2025-01-01 21:57:08,521:WARNING:C:\Users\trazwa\AppData\Roaming\Python\Python310\site-packages\pycaret\internal\pipeline.py:145: UserWarning: Version mismatch:
current: {'deps_info': {'pip': '24.2', 'setuptools': '75.1.0', 'pycaret': '3.2.0', 'IPython': '8.31.0', 'ipywidgets': '8.1.2', 'tqdm': '4.66.2', 'numpy': '1.23.5', 'pandas': '1.5.3', 'jinja2': '3.1.3', 'scipy': '1.10.1', 'joblib': '1.3.2', 'sklearn': '1.2.2', 'pyod': '1.1.3', 'imblearn': '0.12.2', 'category_encoders': '2.6.3', 'lightgbm': '4.3.0', 'numba': '0.59.1', 'requests': '2.31.0', 'matplotlib': '3.6.0', 'scikitplot': '0.3.7', 'yellowbrick': '1.5', 'plotly': '5.21.0', 'plotly-resampler': 'Not installed', 'kaleido': '0.2.1', 'schemdraw': '0.15', 'statsmodels': '0.14.2', 'sktime': '0.21.1', 'tbats': '1.1.3', 'pmdarima': '2.0.4', 'psutil': '6.1.1', 'markupsafe': '2.1.5', 'pickle5': 'Not installed', 'cloudpickle': '3.0.0', 'deprecation': '2.1.0', 'xxhash': '3.5.0', 'wurlitzer': 'Not installed'}, 'python': {'version': '3.10.14', 'machine': 'AMD64'}}
pickle: {'deps_info': {'pip': '23.3.1', 'setuptools': '68.2.2', 'pycaret': '3.2.0', 'IPython': '8.23.0', 'ipywidgets': '8.1.2', 'tqdm': '4.66.2', 'numpy': '1.23.5', 'pandas': '1.5.3', 'jinja2': '3.1.3', 'scipy': '1.10.1', 'joblib': '1.3.2', 'sklearn': '1.2.2', 'pyod': '1.1.3', 'imblearn': '0.12.2', 'category_encoders': '2.6.3', 'lightgbm': '4.3.0', 'numba': '0.59.1', 'requests': '2.31.0', 'matplotlib': '3.6.0', 'scikitplot': '0.3.7', 'yellowbrick': '1.5', 'plotly': '5.21.0', 'plotly-resampler': 'Not installed', 'kaleido': '0.2.1', 'schemdraw': '0.15', 'statsmodels': '0.14.2', 'sktime': '0.21.1', 'tbats': '1.1.3', 'pmdarima': '2.0.4', 'psutil': '5.9.8', 'markupsafe': '2.1.5', 'pickle5': 'Not installed', 'cloudpickle': '3.0.0', 'deprecation': '2.1.0', 'xxhash': '3.4.1', 'wurlitzer': 'Not installed'}, 'python': {'version': '3.10.14', 'machine': 'AMD64'}}
  warnings.warn(

2025-01-01 21:57:08,664:INFO:Initializing predict_model()
2025-01-01 21:57:08,664:INFO:predict_model(self=<pycaret.classification.oop.ClassificationExperiment object at 0x0000012D9D81C0D0>, estimator=Pipeline(memory=Memory(location=None),
         steps=[('label_encoding',
                 TransformerWrapperWithInverse(transformer=LabelEncoder())),
                ('numerical_imputer',
                 TransformerWrapper(include=['mean_H', 'mean_S', 'mean_V',
                                             'mean_R', 'mean_G', 'mean_B',
                                             'variance_H', 'variance_S',
                                             'variance_V', 'variance_R',
                                             'variance_G', 'variance_B',
                                             'skewness_H', 'skewness_S',
                                             'skewness_V', 'skewnes...
                                                                          min_samples_leaf=5,
                                                                          min_samples_split=5,
                                                                          n_estimators=230,
                                                                          random_state=123,
                                                                          subsample=0.85)),
                                              ('Decision Tree Classifier',
                                               DecisionTreeClassifier(max_depth=16,
                                                                      max_features='log2',
                                                                      min_impurity_decrease=0.0002,
                                                                      min_samples_leaf=3,
                                                                      random_state=123))],
                                  n_jobs=1, voting='soft',
                                  weights=[0.9600000000000001, 0.68,
                                           0.36000000000000004,
                                           0.35000000000000003,
                                           0.15000000000000002]))]), probability_threshold=None, encoded_labels=False, raw_score=False, round=4, verbose=True, ml_usecase=None, preprocess=True, encode_labels=<function _SupervisedExperiment.predict_model.<locals>.encode_labels at 0x0000012DA3851EA0>)
2025-01-01 21:57:08,664:INFO:Checking exceptions
2025-01-01 21:57:08,664:INFO:Preloading libraries
2025-01-01 21:57:08,664:INFO:Set up data.
2025-01-01 21:57:08,693:INFO:Set up index.
2025-01-01 21:59:07,549:WARNING:
'cuml' is a soft dependency and not included in the pycaret installation. Please run: `pip install cuml` to install.
2025-01-01 21:59:07,549:WARNING:
'cuml' is a soft dependency and not included in the pycaret installation. Please run: `pip install cuml` to install.
2025-01-01 21:59:07,549:WARNING:
'cuml' is a soft dependency and not included in the pycaret installation. Please run: `pip install cuml` to install.
2025-01-01 21:59:07,549:WARNING:
'cuml' is a soft dependency and not included in the pycaret installation. Please run: `pip install cuml` to install.
2025-01-01 22:00:40,257:INFO:Initializing load_model()
2025-01-01 22:00:40,258:INFO:load_model(model_name=model/best_model_structured_SIP_High_Res, platform=None, authentication=None, verbose=True)
2025-01-01 22:00:40,860:WARNING:C:\Users\trazwa\AppData\Roaming\Python\Python310\site-packages\pycaret\internal\pipeline.py:145: UserWarning: Version mismatch:
current: {'deps_info': {'pip': '24.2', 'setuptools': '75.1.0', 'pycaret': '3.2.0', 'IPython': '8.31.0', 'ipywidgets': '8.1.2', 'tqdm': '4.66.2', 'numpy': '1.23.5', 'pandas': '1.5.3', 'jinja2': '3.1.3', 'scipy': '1.10.1', 'joblib': '1.3.2', 'sklearn': '1.2.2', 'pyod': '1.1.3', 'imblearn': '0.12.2', 'category_encoders': '2.6.3', 'lightgbm': '4.3.0', 'numba': '0.59.1', 'requests': '2.31.0', 'matplotlib': '3.6.0', 'scikitplot': '0.3.7', 'yellowbrick': '1.5', 'plotly': '5.21.0', 'plotly-resampler': 'Not installed', 'kaleido': '0.2.1', 'schemdraw': '0.15', 'statsmodels': '0.14.2', 'sktime': '0.21.1', 'tbats': '1.1.3', 'pmdarima': '2.0.4', 'psutil': '6.1.1', 'markupsafe': '2.1.5', 'pickle5': 'Not installed', 'cloudpickle': '3.0.0', 'deprecation': '2.1.0', 'xxhash': '3.5.0', 'wurlitzer': 'Not installed'}, 'python': {'version': '3.10.14', 'machine': 'AMD64'}}
pickle: {'deps_info': {'pip': '23.3.1', 'setuptools': '68.2.2', 'pycaret': '3.2.0', 'IPython': '8.23.0', 'ipywidgets': '8.1.2', 'tqdm': '4.66.2', 'numpy': '1.23.5', 'pandas': '1.5.3', 'jinja2': '3.1.3', 'scipy': '1.10.1', 'joblib': '1.3.2', 'sklearn': '1.2.2', 'pyod': '1.1.3', 'imblearn': '0.12.2', 'category_encoders': '2.6.3', 'lightgbm': '4.3.0', 'numba': '0.59.1', 'requests': '2.31.0', 'matplotlib': '3.6.0', 'scikitplot': '0.3.7', 'yellowbrick': '1.5', 'plotly': '5.21.0', 'plotly-resampler': 'Not installed', 'kaleido': '0.2.1', 'schemdraw': '0.15', 'statsmodels': '0.14.2', 'sktime': '0.21.1', 'tbats': '1.1.3', 'pmdarima': '2.0.4', 'psutil': '5.9.8', 'markupsafe': '2.1.5', 'pickle5': 'Not installed', 'cloudpickle': '3.0.0', 'deprecation': '2.1.0', 'xxhash': '3.4.1', 'wurlitzer': 'Not installed'}, 'python': {'version': '3.10.14', 'machine': 'AMD64'}}
  warnings.warn(

2025-01-01 22:00:40,972:INFO:Initializing predict_model()
2025-01-01 22:00:40,972:INFO:predict_model(self=<pycaret.classification.oop.ClassificationExperiment object at 0x000001F375F70CA0>, estimator=Pipeline(memory=Memory(location=None),
         steps=[('label_encoding',
                 TransformerWrapperWithInverse(transformer=LabelEncoder())),
                ('numerical_imputer',
                 TransformerWrapper(include=['mean_H', 'mean_S', 'mean_V',
                                             'mean_R', 'mean_G', 'mean_B',
                                             'variance_H', 'variance_S',
                                             'variance_V', 'variance_R',
                                             'variance_G', 'variance_B',
                                             'skewness_H', 'skewness_S',
                                             'skewness_V', 'skewnes...
                                                                          min_samples_leaf=5,
                                                                          min_samples_split=5,
                                                                          n_estimators=230,
                                                                          random_state=123,
                                                                          subsample=0.85)),
                                              ('Decision Tree Classifier',
                                               DecisionTreeClassifier(max_depth=16,
                                                                      max_features='log2',
                                                                      min_impurity_decrease=0.0002,
                                                                      min_samples_leaf=3,
                                                                      random_state=123))],
                                  n_jobs=1, voting='soft',
                                  weights=[0.9600000000000001, 0.68,
                                           0.36000000000000004,
                                           0.35000000000000003,
                                           0.15000000000000002]))]), probability_threshold=None, encoded_labels=False, raw_score=False, round=4, verbose=True, ml_usecase=None, preprocess=True, encode_labels=<function _SupervisedExperiment.predict_model.<locals>.encode_labels at 0x000001F3762C4550>)
2025-01-01 22:00:40,972:INFO:Checking exceptions
2025-01-01 22:00:40,972:INFO:Preloading libraries
2025-01-01 22:00:40,972:INFO:Set up data.
2025-01-01 22:00:41,004:INFO:Set up index.
2025-01-01 22:01:50,122:WARNING:
'cuml' is a soft dependency and not included in the pycaret installation. Please run: `pip install cuml` to install.
2025-01-01 22:01:50,122:WARNING:
'cuml' is a soft dependency and not included in the pycaret installation. Please run: `pip install cuml` to install.
2025-01-01 22:01:50,122:WARNING:
'cuml' is a soft dependency and not included in the pycaret installation. Please run: `pip install cuml` to install.
2025-01-01 22:01:50,122:WARNING:
'cuml' is a soft dependency and not included in the pycaret installation. Please run: `pip install cuml` to install.
2025-01-01 22:02:48,175:INFO:Initializing load_model()
2025-01-01 22:02:48,176:INFO:load_model(model_name=model/best_model_structured_SIP_High_Res, platform=None, authentication=None, verbose=True)
2025-01-01 22:02:48,612:WARNING:C:\Users\trazwa\AppData\Roaming\Python\Python310\site-packages\pycaret\internal\pipeline.py:145: UserWarning: Version mismatch:
current: {'deps_info': {'pip': '24.2', 'setuptools': '75.1.0', 'pycaret': '3.2.0', 'IPython': '8.31.0', 'ipywidgets': '8.1.2', 'tqdm': '4.66.2', 'numpy': '1.23.5', 'pandas': '1.5.3', 'jinja2': '3.1.3', 'scipy': '1.10.1', 'joblib': '1.3.2', 'sklearn': '1.2.2', 'pyod': '1.1.3', 'imblearn': '0.12.2', 'category_encoders': '2.6.3', 'lightgbm': '4.3.0', 'numba': '0.59.1', 'requests': '2.31.0', 'matplotlib': '3.6.0', 'scikitplot': '0.3.7', 'yellowbrick': '1.5', 'plotly': '5.21.0', 'plotly-resampler': 'Not installed', 'kaleido': '0.2.1', 'schemdraw': '0.15', 'statsmodels': '0.14.2', 'sktime': '0.21.1', 'tbats': '1.1.3', 'pmdarima': '2.0.4', 'psutil': '6.1.1', 'markupsafe': '2.1.5', 'pickle5': 'Not installed', 'cloudpickle': '3.0.0', 'deprecation': '2.1.0', 'xxhash': '3.5.0', 'wurlitzer': 'Not installed'}, 'python': {'version': '3.10.14', 'machine': 'AMD64'}}
pickle: {'deps_info': {'pip': '23.3.1', 'setuptools': '68.2.2', 'pycaret': '3.2.0', 'IPython': '8.23.0', 'ipywidgets': '8.1.2', 'tqdm': '4.66.2', 'numpy': '1.23.5', 'pandas': '1.5.3', 'jinja2': '3.1.3', 'scipy': '1.10.1', 'joblib': '1.3.2', 'sklearn': '1.2.2', 'pyod': '1.1.3', 'imblearn': '0.12.2', 'category_encoders': '2.6.3', 'lightgbm': '4.3.0', 'numba': '0.59.1', 'requests': '2.31.0', 'matplotlib': '3.6.0', 'scikitplot': '0.3.7', 'yellowbrick': '1.5', 'plotly': '5.21.0', 'plotly-resampler': 'Not installed', 'kaleido': '0.2.1', 'schemdraw': '0.15', 'statsmodels': '0.14.2', 'sktime': '0.21.1', 'tbats': '1.1.3', 'pmdarima': '2.0.4', 'psutil': '5.9.8', 'markupsafe': '2.1.5', 'pickle5': 'Not installed', 'cloudpickle': '3.0.0', 'deprecation': '2.1.0', 'xxhash': '3.4.1', 'wurlitzer': 'Not installed'}, 'python': {'version': '3.10.14', 'machine': 'AMD64'}}
  warnings.warn(

2025-01-01 22:02:48,724:INFO:Initializing predict_model()
2025-01-01 22:02:48,724:INFO:predict_model(self=<pycaret.classification.oop.ClassificationExperiment object at 0x000001CAC32DF520>, estimator=Pipeline(memory=Memory(location=None),
         steps=[('label_encoding',
                 TransformerWrapperWithInverse(transformer=LabelEncoder())),
                ('numerical_imputer',
                 TransformerWrapper(include=['mean_H', 'mean_S', 'mean_V',
                                             'mean_R', 'mean_G', 'mean_B',
                                             'variance_H', 'variance_S',
                                             'variance_V', 'variance_R',
                                             'variance_G', 'variance_B',
                                             'skewness_H', 'skewness_S',
                                             'skewness_V', 'skewnes...
                                                                          min_samples_leaf=5,
                                                                          min_samples_split=5,
                                                                          n_estimators=230,
                                                                          random_state=123,
                                                                          subsample=0.85)),
                                              ('Decision Tree Classifier',
                                               DecisionTreeClassifier(max_depth=16,
                                                                      max_features='log2',
                                                                      min_impurity_decrease=0.0002,
                                                                      min_samples_leaf=3,
                                                                      random_state=123))],
                                  n_jobs=1, voting='soft',
                                  weights=[0.9600000000000001, 0.68,
                                           0.36000000000000004,
                                           0.35000000000000003,
                                           0.15000000000000002]))]), probability_threshold=None, encoded_labels=False, raw_score=False, round=4, verbose=True, ml_usecase=None, preprocess=True, encode_labels=<function _SupervisedExperiment.predict_model.<locals>.encode_labels at 0x000001CAA8518160>)
2025-01-01 22:02:48,724:INFO:Checking exceptions
2025-01-01 22:02:48,724:INFO:Preloading libraries
2025-01-01 22:02:48,725:INFO:Set up data.
2025-01-01 22:02:48,750:INFO:Set up index.
2025-01-01 22:02:54,202:INFO:Initializing load_model()
2025-01-01 22:02:54,202:INFO:load_model(model_name=model/best_model_structured_SIP_High_Res_Binary, platform=None, authentication=None, verbose=True)
2025-01-01 22:02:54,230:WARNING:C:\Users\trazwa\AppData\Roaming\Python\Python310\site-packages\pycaret\internal\pipeline.py:145: UserWarning: Version mismatch:
current: {'deps_info': {'pip': '24.2', 'setuptools': '75.1.0', 'pycaret': '3.2.0', 'IPython': '8.31.0', 'ipywidgets': '8.1.2', 'tqdm': '4.66.2', 'numpy': '1.23.5', 'pandas': '1.5.3', 'jinja2': '3.1.3', 'scipy': '1.10.1', 'joblib': '1.3.2', 'sklearn': '1.2.2', 'pyod': '1.1.3', 'imblearn': '0.12.2', 'category_encoders': '2.6.3', 'lightgbm': '4.3.0', 'numba': '0.59.1', 'requests': '2.31.0', 'matplotlib': '3.6.0', 'scikitplot': '0.3.7', 'yellowbrick': '1.5', 'plotly': '5.21.0', 'plotly-resampler': 'Not installed', 'kaleido': '0.2.1', 'schemdraw': '0.15', 'statsmodels': '0.14.2', 'sktime': '0.21.1', 'tbats': '1.1.3', 'pmdarima': '2.0.4', 'psutil': '6.1.1', 'markupsafe': '2.1.5', 'pickle5': 'Not installed', 'cloudpickle': '3.0.0', 'deprecation': '2.1.0', 'xxhash': '3.5.0', 'wurlitzer': 'Not installed'}, 'python': {'version': '3.10.14', 'machine': 'AMD64'}}
pickle: {'deps_info': {'pip': '23.3.1', 'setuptools': '68.2.2', 'pycaret': '3.2.0', 'IPython': '8.23.0', 'ipywidgets': '8.1.2', 'tqdm': '4.66.2', 'numpy': '1.23.5', 'pandas': '1.5.3', 'jinja2': '3.1.3', 'scipy': '1.10.1', 'joblib': '1.3.2', 'sklearn': '1.2.2', 'pyod': '1.1.3', 'imblearn': '0.12.2', 'category_encoders': '2.6.3', 'lightgbm': '4.3.0', 'numba': '0.59.1', 'requests': '2.31.0', 'matplotlib': '3.6.0', 'scikitplot': '0.3.7', 'yellowbrick': '1.5', 'plotly': '5.21.0', 'plotly-resampler': 'Not installed', 'kaleido': '0.2.1', 'schemdraw': '0.15', 'statsmodels': '0.14.2', 'sktime': '0.21.1', 'tbats': '1.1.3', 'pmdarima': '2.0.4', 'psutil': '5.9.8', 'markupsafe': '2.1.5', 'pickle5': 'Not installed', 'cloudpickle': '3.0.0', 'deprecation': '2.1.0', 'xxhash': '3.4.1', 'wurlitzer': 'Not installed'}, 'python': {'version': '3.10.14', 'machine': 'AMD64'}}
  warnings.warn(

2025-01-01 22:02:54,305:INFO:Initializing predict_model()
2025-01-01 22:02:54,305:INFO:predict_model(self=<pycaret.classification.oop.ClassificationExperiment object at 0x000001CA92287FA0>, estimator=Pipeline(memory=Memory(location=None),
         steps=[('label_encoding',
                 TransformerWrapperWithInverse(transformer=LabelEncoder())),
                ('numerical_imputer',
                 TransformerWrapper(include=['mean_H', 'mean_S', 'mean_V',
                                             'mean_R', 'mean_G', 'mean_B',
                                             'variance_H', 'variance_S',
                                             'variance_V', 'variance_R',
                                             'variance_G', 'variance_B',
                                             'skewness_H', 'skewness_S',
                                             'skewness_V', 'skewnes...
                ('categorical_imputer',
                 TransformerWrapper(include=[],
                                    transformer=SimpleImputer(strategy='most_frequent'))),
                ('low_variance',
                 TransformerWrapper(exclude=[],
                                    transformer=VarianceThreshold(threshold=False))),
                ('balance',
                 TransformerWrapper(transformer=FixImbalancer(estimator=SMOTE(random_state=123)))),
                ('trained_model',
                 LGBMClassifier(device='gpu', n_jobs=-1, random_state=123))]), probability_threshold=None, encoded_labels=False, raw_score=False, round=4, verbose=True, ml_usecase=None, preprocess=True, encode_labels=<function _SupervisedExperiment.predict_model.<locals>.encode_labels at 0x000001CAC3127910>)
2025-01-01 22:02:54,305:INFO:Checking exceptions
2025-01-01 22:02:54,305:INFO:Preloading libraries
2025-01-01 22:02:54,305:INFO:Set up data.
2025-01-01 22:02:54,326:INFO:Set up index.
2025-01-01 22:07:34,928:WARNING:
'cuml' is a soft dependency and not included in the pycaret installation. Please run: `pip install cuml` to install.
2025-01-01 22:07:34,928:WARNING:
'cuml' is a soft dependency and not included in the pycaret installation. Please run: `pip install cuml` to install.
2025-01-01 22:07:34,928:WARNING:
'cuml' is a soft dependency and not included in the pycaret installation. Please run: `pip install cuml` to install.
2025-01-01 22:07:34,929:WARNING:
'cuml' is a soft dependency and not included in the pycaret installation. Please run: `pip install cuml` to install.
2025-01-01 22:08:38,656:INFO:Initializing load_model()
2025-01-01 22:08:38,657:INFO:load_model(model_name=model/best_model_structured_SIP_High_Res_Binary, platform=None, authentication=None, verbose=True)
2025-01-01 22:08:38,762:WARNING:C:\Users\trazwa\AppData\Roaming\Python\Python310\site-packages\pycaret\internal\pipeline.py:145: UserWarning: Version mismatch:
current: {'deps_info': {'pip': '24.2', 'setuptools': '75.1.0', 'pycaret': '3.2.0', 'IPython': '8.31.0', 'ipywidgets': '8.1.2', 'tqdm': '4.66.2', 'numpy': '1.23.5', 'pandas': '1.5.3', 'jinja2': '3.1.3', 'scipy': '1.10.1', 'joblib': '1.3.2', 'sklearn': '1.2.2', 'pyod': '1.1.3', 'imblearn': '0.12.2', 'category_encoders': '2.6.3', 'lightgbm': '4.3.0', 'numba': '0.59.1', 'requests': '2.31.0', 'matplotlib': '3.6.0', 'scikitplot': '0.3.7', 'yellowbrick': '1.5', 'plotly': '5.21.0', 'plotly-resampler': 'Not installed', 'kaleido': '0.2.1', 'schemdraw': '0.15', 'statsmodels': '0.14.2', 'sktime': '0.21.1', 'tbats': '1.1.3', 'pmdarima': '2.0.4', 'psutil': '6.1.1', 'markupsafe': '2.1.5', 'pickle5': 'Not installed', 'cloudpickle': '3.0.0', 'deprecation': '2.1.0', 'xxhash': '3.5.0', 'wurlitzer': 'Not installed'}, 'python': {'version': '3.10.14', 'machine': 'AMD64'}}
pickle: {'deps_info': {'pip': '23.3.1', 'setuptools': '68.2.2', 'pycaret': '3.2.0', 'IPython': '8.23.0', 'ipywidgets': '8.1.2', 'tqdm': '4.66.2', 'numpy': '1.23.5', 'pandas': '1.5.3', 'jinja2': '3.1.3', 'scipy': '1.10.1', 'joblib': '1.3.2', 'sklearn': '1.2.2', 'pyod': '1.1.3', 'imblearn': '0.12.2', 'category_encoders': '2.6.3', 'lightgbm': '4.3.0', 'numba': '0.59.1', 'requests': '2.31.0', 'matplotlib': '3.6.0', 'scikitplot': '0.3.7', 'yellowbrick': '1.5', 'plotly': '5.21.0', 'plotly-resampler': 'Not installed', 'kaleido': '0.2.1', 'schemdraw': '0.15', 'statsmodels': '0.14.2', 'sktime': '0.21.1', 'tbats': '1.1.3', 'pmdarima': '2.0.4', 'psutil': '5.9.8', 'markupsafe': '2.1.5', 'pickle5': 'Not installed', 'cloudpickle': '3.0.0', 'deprecation': '2.1.0', 'xxhash': '3.4.1', 'wurlitzer': 'Not installed'}, 'python': {'version': '3.10.14', 'machine': 'AMD64'}}
  warnings.warn(

2025-01-01 22:08:47,712:INFO:Initializing load_model()
2025-01-01 22:08:47,712:INFO:load_model(model_name=model/best_model_structured_SIP_High_Res, platform=None, authentication=None, verbose=True)
2025-01-01 22:10:39,595:INFO:Initializing load_model()
2025-01-01 22:10:39,595:INFO:load_model(model_name=model/best_model_structured_SIP_High_Res, platform=None, authentication=None, verbose=True)
2025-01-01 22:12:53,892:INFO:Initializing load_model()
2025-01-01 22:12:53,892:INFO:load_model(model_name=model/best_model_structured_SIP_High_Res, platform=None, authentication=None, verbose=True)
2025-01-01 22:12:54,275:WARNING:C:\Users\trazwa\AppData\Roaming\Python\Python310\site-packages\pycaret\internal\pipeline.py:145: UserWarning: Version mismatch:
current: {'deps_info': {'pip': '24.2', 'setuptools': '75.1.0', 'pycaret': '3.2.0', 'IPython': '8.31.0', 'ipywidgets': '8.1.2', 'tqdm': '4.66.2', 'numpy': '1.23.5', 'pandas': '1.5.3', 'jinja2': '3.1.3', 'scipy': '1.10.1', 'joblib': '1.3.2', 'sklearn': '1.2.2', 'pyod': '1.1.3', 'imblearn': '0.12.2', 'category_encoders': '2.6.3', 'lightgbm': '4.3.0', 'numba': '0.59.1', 'requests': '2.31.0', 'matplotlib': '3.6.0', 'scikitplot': '0.3.7', 'yellowbrick': '1.5', 'plotly': '5.21.0', 'plotly-resampler': 'Not installed', 'kaleido': '0.2.1', 'schemdraw': '0.15', 'statsmodels': '0.14.2', 'sktime': '0.21.1', 'tbats': '1.1.3', 'pmdarima': '2.0.4', 'psutil': '6.1.1', 'markupsafe': '2.1.5', 'pickle5': 'Not installed', 'cloudpickle': '3.0.0', 'deprecation': '2.1.0', 'xxhash': '3.5.0', 'wurlitzer': 'Not installed'}, 'python': {'version': '3.10.14', 'machine': 'AMD64'}}
pickle: {'deps_info': {'pip': '23.3.1', 'setuptools': '68.2.2', 'pycaret': '3.2.0', 'IPython': '8.23.0', 'ipywidgets': '8.1.2', 'tqdm': '4.66.2', 'numpy': '1.23.5', 'pandas': '1.5.3', 'jinja2': '3.1.3', 'scipy': '1.10.1', 'joblib': '1.3.2', 'sklearn': '1.2.2', 'pyod': '1.1.3', 'imblearn': '0.12.2', 'category_encoders': '2.6.3', 'lightgbm': '4.3.0', 'numba': '0.59.1', 'requests': '2.31.0', 'matplotlib': '3.6.0', 'scikitplot': '0.3.7', 'yellowbrick': '1.5', 'plotly': '5.21.0', 'plotly-resampler': 'Not installed', 'kaleido': '0.2.1', 'schemdraw': '0.15', 'statsmodels': '0.14.2', 'sktime': '0.21.1', 'tbats': '1.1.3', 'pmdarima': '2.0.4', 'psutil': '5.9.8', 'markupsafe': '2.1.5', 'pickle5': 'Not installed', 'cloudpickle': '3.0.0', 'deprecation': '2.1.0', 'xxhash': '3.4.1', 'wurlitzer': 'Not installed'}, 'python': {'version': '3.10.14', 'machine': 'AMD64'}}
  warnings.warn(

2025-01-01 22:13:07,769:INFO:Initializing load_model()
2025-01-01 22:13:07,770:INFO:load_model(model_name=model/best_model_structured_SIP_High_Res, platform=None, authentication=None, verbose=True)
2025-01-01 22:14:57,029:INFO:Initializing load_model()
2025-01-01 22:14:57,029:INFO:load_model(model_name=model/best_model_structured_SIP_High_Res, platform=None, authentication=None, verbose=True)
2025-01-01 22:14:57,437:WARNING:C:\Users\trazwa\AppData\Roaming\Python\Python310\site-packages\pycaret\internal\pipeline.py:145: UserWarning: Version mismatch:
current: {'deps_info': {'pip': '24.2', 'setuptools': '75.1.0', 'pycaret': '3.2.0', 'IPython': '8.31.0', 'ipywidgets': '8.1.2', 'tqdm': '4.66.2', 'numpy': '1.23.5', 'pandas': '1.5.3', 'jinja2': '3.1.3', 'scipy': '1.10.1', 'joblib': '1.3.2', 'sklearn': '1.2.2', 'pyod': '1.1.3', 'imblearn': '0.12.2', 'category_encoders': '2.6.3', 'lightgbm': '4.3.0', 'numba': '0.59.1', 'requests': '2.31.0', 'matplotlib': '3.6.0', 'scikitplot': '0.3.7', 'yellowbrick': '1.5', 'plotly': '5.21.0', 'plotly-resampler': 'Not installed', 'kaleido': '0.2.1', 'schemdraw': '0.15', 'statsmodels': '0.14.2', 'sktime': '0.21.1', 'tbats': '1.1.3', 'pmdarima': '2.0.4', 'psutil': '6.1.1', 'markupsafe': '2.1.5', 'pickle5': 'Not installed', 'cloudpickle': '3.0.0', 'deprecation': '2.1.0', 'xxhash': '3.5.0', 'wurlitzer': 'Not installed'}, 'python': {'version': '3.10.14', 'machine': 'AMD64'}}
pickle: {'deps_info': {'pip': '23.3.1', 'setuptools': '68.2.2', 'pycaret': '3.2.0', 'IPython': '8.23.0', 'ipywidgets': '8.1.2', 'tqdm': '4.66.2', 'numpy': '1.23.5', 'pandas': '1.5.3', 'jinja2': '3.1.3', 'scipy': '1.10.1', 'joblib': '1.3.2', 'sklearn': '1.2.2', 'pyod': '1.1.3', 'imblearn': '0.12.2', 'category_encoders': '2.6.3', 'lightgbm': '4.3.0', 'numba': '0.59.1', 'requests': '2.31.0', 'matplotlib': '3.6.0', 'scikitplot': '0.3.7', 'yellowbrick': '1.5', 'plotly': '5.21.0', 'plotly-resampler': 'Not installed', 'kaleido': '0.2.1', 'schemdraw': '0.15', 'statsmodels': '0.14.2', 'sktime': '0.21.1', 'tbats': '1.1.3', 'pmdarima': '2.0.4', 'psutil': '5.9.8', 'markupsafe': '2.1.5', 'pickle5': 'Not installed', 'cloudpickle': '3.0.0', 'deprecation': '2.1.0', 'xxhash': '3.4.1', 'wurlitzer': 'Not installed'}, 'python': {'version': '3.10.14', 'machine': 'AMD64'}}
  warnings.warn(

2025-01-01 22:14:57,544:INFO:Initializing predict_model()
2025-01-01 22:14:57,544:INFO:predict_model(self=<pycaret.classification.oop.ClassificationExperiment object at 0x0000024D1BC49DB0>, estimator=Pipeline(memory=Memory(location=None),
         steps=[('label_encoding',
                 TransformerWrapperWithInverse(transformer=LabelEncoder())),
                ('numerical_imputer',
                 TransformerWrapper(include=['mean_H', 'mean_S', 'mean_V',
                                             'mean_R', 'mean_G', 'mean_B',
                                             'variance_H', 'variance_S',
                                             'variance_V', 'variance_R',
                                             'variance_G', 'variance_B',
                                             'skewness_H', 'skewness_S',
                                             'skewness_V', 'skewnes...
                                                                          min_samples_leaf=5,
                                                                          min_samples_split=5,
                                                                          n_estimators=230,
                                                                          random_state=123,
                                                                          subsample=0.85)),
                                              ('Decision Tree Classifier',
                                               DecisionTreeClassifier(max_depth=16,
                                                                      max_features='log2',
                                                                      min_impurity_decrease=0.0002,
                                                                      min_samples_leaf=3,
                                                                      random_state=123))],
                                  n_jobs=1, voting='soft',
                                  weights=[0.9600000000000001, 0.68,
                                           0.36000000000000004,
                                           0.35000000000000003,
                                           0.15000000000000002]))]), probability_threshold=None, encoded_labels=False, raw_score=False, round=4, verbose=True, ml_usecase=None, preprocess=True, encode_labels=<function _SupervisedExperiment.predict_model.<locals>.encode_labels at 0x0000024D15922200>)
2025-01-01 22:14:57,544:INFO:Checking exceptions
2025-01-01 22:14:57,544:INFO:Preloading libraries
2025-01-01 22:14:57,544:INFO:Set up data.
2025-01-01 22:14:57,568:INFO:Set up index.
2025-01-01 22:15:04,287:INFO:Initializing load_model()
2025-01-01 22:15:04,288:INFO:load_model(model_name=model/best_model_structured_SIP_High_Res, platform=None, authentication=None, verbose=True)
2025-01-01 22:15:04,709:WARNING:C:\Users\trazwa\AppData\Roaming\Python\Python310\site-packages\pycaret\internal\pipeline.py:145: UserWarning: Version mismatch:
current: {'deps_info': {'pip': '24.2', 'setuptools': '75.1.0', 'pycaret': '3.2.0', 'IPython': '8.31.0', 'ipywidgets': '8.1.2', 'tqdm': '4.66.2', 'numpy': '1.23.5', 'pandas': '1.5.3', 'jinja2': '3.1.3', 'scipy': '1.10.1', 'joblib': '1.3.2', 'sklearn': '1.2.2', 'pyod': '1.1.3', 'imblearn': '0.12.2', 'category_encoders': '2.6.3', 'lightgbm': '4.3.0', 'numba': '0.59.1', 'requests': '2.31.0', 'matplotlib': '3.6.0', 'scikitplot': '0.3.7', 'yellowbrick': '1.5', 'plotly': '5.21.0', 'plotly-resampler': 'Not installed', 'kaleido': '0.2.1', 'schemdraw': '0.15', 'statsmodels': '0.14.2', 'sktime': '0.21.1', 'tbats': '1.1.3', 'pmdarima': '2.0.4', 'psutil': '6.1.1', 'markupsafe': '2.1.5', 'pickle5': 'Not installed', 'cloudpickle': '3.0.0', 'deprecation': '2.1.0', 'xxhash': '3.5.0', 'wurlitzer': 'Not installed'}, 'python': {'version': '3.10.14', 'machine': 'AMD64'}}
pickle: {'deps_info': {'pip': '23.3.1', 'setuptools': '68.2.2', 'pycaret': '3.2.0', 'IPython': '8.23.0', 'ipywidgets': '8.1.2', 'tqdm': '4.66.2', 'numpy': '1.23.5', 'pandas': '1.5.3', 'jinja2': '3.1.3', 'scipy': '1.10.1', 'joblib': '1.3.2', 'sklearn': '1.2.2', 'pyod': '1.1.3', 'imblearn': '0.12.2', 'category_encoders': '2.6.3', 'lightgbm': '4.3.0', 'numba': '0.59.1', 'requests': '2.31.0', 'matplotlib': '3.6.0', 'scikitplot': '0.3.7', 'yellowbrick': '1.5', 'plotly': '5.21.0', 'plotly-resampler': 'Not installed', 'kaleido': '0.2.1', 'schemdraw': '0.15', 'statsmodels': '0.14.2', 'sktime': '0.21.1', 'tbats': '1.1.3', 'pmdarima': '2.0.4', 'psutil': '5.9.8', 'markupsafe': '2.1.5', 'pickle5': 'Not installed', 'cloudpickle': '3.0.0', 'deprecation': '2.1.0', 'xxhash': '3.4.1', 'wurlitzer': 'Not installed'}, 'python': {'version': '3.10.14', 'machine': 'AMD64'}}
  warnings.warn(

2025-01-01 22:16:03,696:INFO:Initializing load_model()
2025-01-01 22:16:03,697:INFO:load_model(model_name=model/best_model_structured_SIP_High_Res, platform=None, authentication=None, verbose=True)
2025-01-01 22:17:25,121:INFO:Initializing load_model()
2025-01-01 22:17:25,122:INFO:load_model(model_name=model/best_model_structured_SIP_High_Res, platform=None, authentication=None, verbose=True)
2025-01-01 22:17:25,629:INFO:Initializing predict_model()
2025-01-01 22:17:25,629:INFO:predict_model(self=<pycaret.classification.oop.ClassificationExperiment object at 0x0000024D15B890C0>, estimator=Pipeline(memory=Memory(location=None),
         steps=[('label_encoding',
                 TransformerWrapperWithInverse(transformer=LabelEncoder())),
                ('numerical_imputer',
                 TransformerWrapper(include=['mean_H', 'mean_S', 'mean_V',
                                             'mean_R', 'mean_G', 'mean_B',
                                             'variance_H', 'variance_S',
                                             'variance_V', 'variance_R',
                                             'variance_G', 'variance_B',
                                             'skewness_H', 'skewness_S',
                                             'skewness_V', 'skewnes...
                                                                          min_samples_leaf=5,
                                                                          min_samples_split=5,
                                                                          n_estimators=230,
                                                                          random_state=123,
                                                                          subsample=0.85)),
                                              ('Decision Tree Classifier',
                                               DecisionTreeClassifier(max_depth=16,
                                                                      max_features='log2',
                                                                      min_impurity_decrease=0.0002,
                                                                      min_samples_leaf=3,
                                                                      random_state=123))],
                                  n_jobs=1, voting='soft',
                                  weights=[0.9600000000000001, 0.68,
                                           0.36000000000000004,
                                           0.35000000000000003,
                                           0.15000000000000002]))]), probability_threshold=None, encoded_labels=False, raw_score=False, round=4, verbose=True, ml_usecase=None, preprocess=True, encode_labels=<function _SupervisedExperiment.predict_model.<locals>.encode_labels at 0x0000024D15761090>)
2025-01-01 22:17:25,629:INFO:Checking exceptions
2025-01-01 22:17:25,629:INFO:Preloading libraries
2025-01-01 22:17:25,630:INFO:Set up data.
2025-01-01 22:17:25,658:INFO:Set up index.
2025-01-01 22:17:59,110:WARNING:
'cuml' is a soft dependency and not included in the pycaret installation. Please run: `pip install cuml` to install.
2025-01-01 22:17:59,112:WARNING:
'cuml' is a soft dependency and not included in the pycaret installation. Please run: `pip install cuml` to install.
2025-01-01 22:17:59,112:WARNING:
'cuml' is a soft dependency and not included in the pycaret installation. Please run: `pip install cuml` to install.
2025-01-01 22:17:59,112:WARNING:
'cuml' is a soft dependency and not included in the pycaret installation. Please run: `pip install cuml` to install.
2025-01-01 22:18:00,080:INFO:Initializing load_model()
2025-01-01 22:18:00,082:INFO:load_model(model_name=model/best_model_structured_SIP_High_Res, platform=None, authentication=None, verbose=True)
2025-01-01 22:18:00,496:WARNING:C:\Users\trazwa\AppData\Roaming\Python\Python310\site-packages\pycaret\internal\pipeline.py:145: UserWarning: Version mismatch:
current: {'deps_info': {'pip': '24.2', 'setuptools': '75.1.0', 'pycaret': '3.2.0', 'IPython': '8.31.0', 'ipywidgets': '8.1.2', 'tqdm': '4.66.2', 'numpy': '1.23.5', 'pandas': '1.5.3', 'jinja2': '3.1.3', 'scipy': '1.10.1', 'joblib': '1.3.2', 'sklearn': '1.2.2', 'pyod': '1.1.3', 'imblearn': '0.12.2', 'category_encoders': '2.6.3', 'lightgbm': '4.3.0', 'numba': '0.59.1', 'requests': '2.31.0', 'matplotlib': '3.6.0', 'scikitplot': '0.3.7', 'yellowbrick': '1.5', 'plotly': '5.21.0', 'plotly-resampler': 'Not installed', 'kaleido': '0.2.1', 'schemdraw': '0.15', 'statsmodels': '0.14.2', 'sktime': '0.21.1', 'tbats': '1.1.3', 'pmdarima': '2.0.4', 'psutil': '6.1.1', 'markupsafe': '2.1.5', 'pickle5': 'Not installed', 'cloudpickle': '3.0.0', 'deprecation': '2.1.0', 'xxhash': '3.5.0', 'wurlitzer': 'Not installed'}, 'python': {'version': '3.10.14', 'machine': 'AMD64'}}
pickle: {'deps_info': {'pip': '23.3.1', 'setuptools': '68.2.2', 'pycaret': '3.2.0', 'IPython': '8.23.0', 'ipywidgets': '8.1.2', 'tqdm': '4.66.2', 'numpy': '1.23.5', 'pandas': '1.5.3', 'jinja2': '3.1.3', 'scipy': '1.10.1', 'joblib': '1.3.2', 'sklearn': '1.2.2', 'pyod': '1.1.3', 'imblearn': '0.12.2', 'category_encoders': '2.6.3', 'lightgbm': '4.3.0', 'numba': '0.59.1', 'requests': '2.31.0', 'matplotlib': '3.6.0', 'scikitplot': '0.3.7', 'yellowbrick': '1.5', 'plotly': '5.21.0', 'plotly-resampler': 'Not installed', 'kaleido': '0.2.1', 'schemdraw': '0.15', 'statsmodels': '0.14.2', 'sktime': '0.21.1', 'tbats': '1.1.3', 'pmdarima': '2.0.4', 'psutil': '5.9.8', 'markupsafe': '2.1.5', 'pickle5': 'Not installed', 'cloudpickle': '3.0.0', 'deprecation': '2.1.0', 'xxhash': '3.4.1', 'wurlitzer': 'Not installed'}, 'python': {'version': '3.10.14', 'machine': 'AMD64'}}
  warnings.warn(

2025-01-01 22:18:00,631:INFO:Initializing predict_model()
2025-01-01 22:18:00,631:INFO:predict_model(self=<pycaret.classification.oop.ClassificationExperiment object at 0x000001A79944B340>, estimator=Pipeline(memory=Memory(location=None),
         steps=[('label_encoding',
                 TransformerWrapperWithInverse(transformer=LabelEncoder())),
                ('numerical_imputer',
                 TransformerWrapper(include=['mean_H', 'mean_S', 'mean_V',
                                             'mean_R', 'mean_G', 'mean_B',
                                             'variance_H', 'variance_S',
                                             'variance_V', 'variance_R',
                                             'variance_G', 'variance_B',
                                             'skewness_H', 'skewness_S',
                                             'skewness_V', 'skewnes...
                                                                          min_samples_leaf=5,
                                                                          min_samples_split=5,
                                                                          n_estimators=230,
                                                                          random_state=123,
                                                                          subsample=0.85)),
                                              ('Decision Tree Classifier',
                                               DecisionTreeClassifier(max_depth=16,
                                                                      max_features='log2',
                                                                      min_impurity_decrease=0.0002,
                                                                      min_samples_leaf=3,
                                                                      random_state=123))],
                                  n_jobs=1, voting='soft',
                                  weights=[0.9600000000000001, 0.68,
                                           0.36000000000000004,
                                           0.35000000000000003,
                                           0.15000000000000002]))]), probability_threshold=None, encoded_labels=False, raw_score=False, round=4, verbose=True, ml_usecase=None, preprocess=True, encode_labels=<function _SupervisedExperiment.predict_model.<locals>.encode_labels at 0x000001A79A649990>)
2025-01-01 22:18:00,631:INFO:Checking exceptions
2025-01-01 22:18:00,631:INFO:Preloading libraries
2025-01-01 22:18:00,631:INFO:Set up data.
2025-01-01 22:18:00,662:INFO:Set up index.
2025-01-01 22:18:45,413:WARNING:
'cuml' is a soft dependency and not included in the pycaret installation. Please run: `pip install cuml` to install.
2025-01-01 22:18:45,413:WARNING:
'cuml' is a soft dependency and not included in the pycaret installation. Please run: `pip install cuml` to install.
2025-01-01 22:18:45,421:WARNING:
'cuml' is a soft dependency and not included in the pycaret installation. Please run: `pip install cuml` to install.
2025-01-01 22:18:45,421:WARNING:
'cuml' is a soft dependency and not included in the pycaret installation. Please run: `pip install cuml` to install.
2025-01-01 22:19:08,908:INFO:Initializing load_model()
2025-01-01 22:19:08,909:INFO:load_model(model_name=model/best_model_structured_SIP_High_Res, platform=None, authentication=None, verbose=True)
2025-01-01 22:19:09,388:WARNING:C:\Users\trazwa\AppData\Roaming\Python\Python310\site-packages\pycaret\internal\pipeline.py:145: UserWarning: Version mismatch:
current: {'deps_info': {'pip': '24.2', 'setuptools': '75.1.0', 'pycaret': '3.2.0', 'IPython': '8.31.0', 'ipywidgets': '8.1.2', 'tqdm': '4.66.2', 'numpy': '1.23.5', 'pandas': '1.5.3', 'jinja2': '3.1.3', 'scipy': '1.10.1', 'joblib': '1.3.2', 'sklearn': '1.2.2', 'pyod': '1.1.3', 'imblearn': '0.12.2', 'category_encoders': '2.6.3', 'lightgbm': '4.3.0', 'numba': '0.59.1', 'requests': '2.31.0', 'matplotlib': '3.6.0', 'scikitplot': '0.3.7', 'yellowbrick': '1.5', 'plotly': '5.21.0', 'plotly-resampler': 'Not installed', 'kaleido': '0.2.1', 'schemdraw': '0.15', 'statsmodels': '0.14.2', 'sktime': '0.21.1', 'tbats': '1.1.3', 'pmdarima': '2.0.4', 'psutil': '6.1.1', 'markupsafe': '2.1.5', 'pickle5': 'Not installed', 'cloudpickle': '3.0.0', 'deprecation': '2.1.0', 'xxhash': '3.5.0', 'wurlitzer': 'Not installed'}, 'python': {'version': '3.10.14', 'machine': 'AMD64'}}
pickle: {'deps_info': {'pip': '23.3.1', 'setuptools': '68.2.2', 'pycaret': '3.2.0', 'IPython': '8.23.0', 'ipywidgets': '8.1.2', 'tqdm': '4.66.2', 'numpy': '1.23.5', 'pandas': '1.5.3', 'jinja2': '3.1.3', 'scipy': '1.10.1', 'joblib': '1.3.2', 'sklearn': '1.2.2', 'pyod': '1.1.3', 'imblearn': '0.12.2', 'category_encoders': '2.6.3', 'lightgbm': '4.3.0', 'numba': '0.59.1', 'requests': '2.31.0', 'matplotlib': '3.6.0', 'scikitplot': '0.3.7', 'yellowbrick': '1.5', 'plotly': '5.21.0', 'plotly-resampler': 'Not installed', 'kaleido': '0.2.1', 'schemdraw': '0.15', 'statsmodels': '0.14.2', 'sktime': '0.21.1', 'tbats': '1.1.3', 'pmdarima': '2.0.4', 'psutil': '5.9.8', 'markupsafe': '2.1.5', 'pickle5': 'Not installed', 'cloudpickle': '3.0.0', 'deprecation': '2.1.0', 'xxhash': '3.4.1', 'wurlitzer': 'Not installed'}, 'python': {'version': '3.10.14', 'machine': 'AMD64'}}
  warnings.warn(

2025-01-01 22:19:09,509:INFO:Initializing predict_model()
2025-01-01 22:19:09,509:INFO:predict_model(self=<pycaret.classification.oop.ClassificationExperiment object at 0x00000268F9D57010>, estimator=Pipeline(memory=Memory(location=None),
         steps=[('label_encoding',
                 TransformerWrapperWithInverse(transformer=LabelEncoder())),
                ('numerical_imputer',
                 TransformerWrapper(include=['mean_H', 'mean_S', 'mean_V',
                                             'mean_R', 'mean_G', 'mean_B',
                                             'variance_H', 'variance_S',
                                             'variance_V', 'variance_R',
                                             'variance_G', 'variance_B',
                                             'skewness_H', 'skewness_S',
                                             'skewness_V', 'skewnes...
                                                                          min_samples_leaf=5,
                                                                          min_samples_split=5,
                                                                          n_estimators=230,
                                                                          random_state=123,
                                                                          subsample=0.85)),
                                              ('Decision Tree Classifier',
                                               DecisionTreeClassifier(max_depth=16,
                                                                      max_features='log2',
                                                                      min_impurity_decrease=0.0002,
                                                                      min_samples_leaf=3,
                                                                      random_state=123))],
                                  n_jobs=1, voting='soft',
                                  weights=[0.9600000000000001, 0.68,
                                           0.36000000000000004,
                                           0.35000000000000003,
                                           0.15000000000000002]))]), probability_threshold=None, encoded_labels=False, raw_score=False, round=4, verbose=True, ml_usecase=None, preprocess=True, encode_labels=<function _SupervisedExperiment.predict_model.<locals>.encode_labels at 0x00000268DF3440D0>)
2025-01-01 22:19:09,509:INFO:Checking exceptions
2025-01-01 22:19:09,509:INFO:Preloading libraries
2025-01-01 22:19:09,510:INFO:Set up data.
2025-01-01 22:19:09,543:INFO:Set up index.
2025-01-01 22:19:12,484:INFO:Initializing load_model()
2025-01-01 22:19:12,484:INFO:load_model(model_name=model/best_model_structured_SIP_High_Res_Binary, platform=None, authentication=None, verbose=True)
2025-01-01 22:19:12,496:WARNING:C:\Users\trazwa\AppData\Roaming\Python\Python310\site-packages\pycaret\internal\pipeline.py:145: UserWarning: Version mismatch:
current: {'deps_info': {'pip': '24.2', 'setuptools': '75.1.0', 'pycaret': '3.2.0', 'IPython': '8.31.0', 'ipywidgets': '8.1.2', 'tqdm': '4.66.2', 'numpy': '1.23.5', 'pandas': '1.5.3', 'jinja2': '3.1.3', 'scipy': '1.10.1', 'joblib': '1.3.2', 'sklearn': '1.2.2', 'pyod': '1.1.3', 'imblearn': '0.12.2', 'category_encoders': '2.6.3', 'lightgbm': '4.3.0', 'numba': '0.59.1', 'requests': '2.31.0', 'matplotlib': '3.6.0', 'scikitplot': '0.3.7', 'yellowbrick': '1.5', 'plotly': '5.21.0', 'plotly-resampler': 'Not installed', 'kaleido': '0.2.1', 'schemdraw': '0.15', 'statsmodels': '0.14.2', 'sktime': '0.21.1', 'tbats': '1.1.3', 'pmdarima': '2.0.4', 'psutil': '6.1.1', 'markupsafe': '2.1.5', 'pickle5': 'Not installed', 'cloudpickle': '3.0.0', 'deprecation': '2.1.0', 'xxhash': '3.5.0', 'wurlitzer': 'Not installed'}, 'python': {'version': '3.10.14', 'machine': 'AMD64'}}
pickle: {'deps_info': {'pip': '23.3.1', 'setuptools': '68.2.2', 'pycaret': '3.2.0', 'IPython': '8.23.0', 'ipywidgets': '8.1.2', 'tqdm': '4.66.2', 'numpy': '1.23.5', 'pandas': '1.5.3', 'jinja2': '3.1.3', 'scipy': '1.10.1', 'joblib': '1.3.2', 'sklearn': '1.2.2', 'pyod': '1.1.3', 'imblearn': '0.12.2', 'category_encoders': '2.6.3', 'lightgbm': '4.3.0', 'numba': '0.59.1', 'requests': '2.31.0', 'matplotlib': '3.6.0', 'scikitplot': '0.3.7', 'yellowbrick': '1.5', 'plotly': '5.21.0', 'plotly-resampler': 'Not installed', 'kaleido': '0.2.1', 'schemdraw': '0.15', 'statsmodels': '0.14.2', 'sktime': '0.21.1', 'tbats': '1.1.3', 'pmdarima': '2.0.4', 'psutil': '5.9.8', 'markupsafe': '2.1.5', 'pickle5': 'Not installed', 'cloudpickle': '3.0.0', 'deprecation': '2.1.0', 'xxhash': '3.4.1', 'wurlitzer': 'Not installed'}, 'python': {'version': '3.10.14', 'machine': 'AMD64'}}
  warnings.warn(

2025-01-01 22:19:12,576:INFO:Initializing predict_model()
2025-01-01 22:19:12,576:INFO:predict_model(self=<pycaret.classification.oop.ClassificationExperiment object at 0x00000268DCEE1480>, estimator=Pipeline(memory=Memory(location=None),
         steps=[('label_encoding',
                 TransformerWrapperWithInverse(transformer=LabelEncoder())),
                ('numerical_imputer',
                 TransformerWrapper(include=['mean_H', 'mean_S', 'mean_V',
                                             'mean_R', 'mean_G', 'mean_B',
                                             'variance_H', 'variance_S',
                                             'variance_V', 'variance_R',
                                             'variance_G', 'variance_B',
                                             'skewness_H', 'skewness_S',
                                             'skewness_V', 'skewnes...
                ('categorical_imputer',
                 TransformerWrapper(include=[],
                                    transformer=SimpleImputer(strategy='most_frequent'))),
                ('low_variance',
                 TransformerWrapper(exclude=[],
                                    transformer=VarianceThreshold(threshold=False))),
                ('balance',
                 TransformerWrapper(transformer=FixImbalancer(estimator=SMOTE(random_state=123)))),
                ('trained_model',
                 LGBMClassifier(device='gpu', n_jobs=-1, random_state=123))]), probability_threshold=None, encoded_labels=False, raw_score=False, round=4, verbose=True, ml_usecase=None, preprocess=True, encode_labels=<function _SupervisedExperiment.predict_model.<locals>.encode_labels at 0x00000268F9EE8820>)
2025-01-01 22:19:12,576:INFO:Checking exceptions
2025-01-01 22:19:12,576:INFO:Preloading libraries
2025-01-01 22:19:12,579:INFO:Set up data.
2025-01-01 22:19:12,616:INFO:Set up index.
2025-01-01 22:23:07,879:INFO:Initializing load_model()
2025-01-01 22:23:07,879:INFO:load_model(model_name=model/best_model_structured_SIP_High_Res_Binary, platform=None, authentication=None, verbose=True)
2025-01-01 22:23:07,888:WARNING:C:\Users\trazwa\AppData\Roaming\Python\Python310\site-packages\pycaret\internal\pipeline.py:145: UserWarning: Version mismatch:
current: {'deps_info': {'pip': '24.2', 'setuptools': '75.1.0', 'pycaret': '3.2.0', 'IPython': '8.31.0', 'ipywidgets': '8.1.2', 'tqdm': '4.66.2', 'numpy': '1.23.5', 'pandas': '1.5.3', 'jinja2': '3.1.3', 'scipy': '1.10.1', 'joblib': '1.3.2', 'sklearn': '1.2.2', 'pyod': '1.1.3', 'imblearn': '0.12.2', 'category_encoders': '2.6.3', 'lightgbm': '4.3.0', 'numba': '0.59.1', 'requests': '2.31.0', 'matplotlib': '3.6.0', 'scikitplot': '0.3.7', 'yellowbrick': '1.5', 'plotly': '5.21.0', 'plotly-resampler': 'Not installed', 'kaleido': '0.2.1', 'schemdraw': '0.15', 'statsmodels': '0.14.2', 'sktime': '0.21.1', 'tbats': '1.1.3', 'pmdarima': '2.0.4', 'psutil': '6.1.1', 'markupsafe': '2.1.5', 'pickle5': 'Not installed', 'cloudpickle': '3.0.0', 'deprecation': '2.1.0', 'xxhash': '3.5.0', 'wurlitzer': 'Not installed'}, 'python': {'version': '3.10.14', 'machine': 'AMD64'}}
pickle: {'deps_info': {'pip': '23.3.1', 'setuptools': '68.2.2', 'pycaret': '3.2.0', 'IPython': '8.23.0', 'ipywidgets': '8.1.2', 'tqdm': '4.66.2', 'numpy': '1.23.5', 'pandas': '1.5.3', 'jinja2': '3.1.3', 'scipy': '1.10.1', 'joblib': '1.3.2', 'sklearn': '1.2.2', 'pyod': '1.1.3', 'imblearn': '0.12.2', 'category_encoders': '2.6.3', 'lightgbm': '4.3.0', 'numba': '0.59.1', 'requests': '2.31.0', 'matplotlib': '3.6.0', 'scikitplot': '0.3.7', 'yellowbrick': '1.5', 'plotly': '5.21.0', 'plotly-resampler': 'Not installed', 'kaleido': '0.2.1', 'schemdraw': '0.15', 'statsmodels': '0.14.2', 'sktime': '0.21.1', 'tbats': '1.1.3', 'pmdarima': '2.0.4', 'psutil': '5.9.8', 'markupsafe': '2.1.5', 'pickle5': 'Not installed', 'cloudpickle': '3.0.0', 'deprecation': '2.1.0', 'xxhash': '3.4.1', 'wurlitzer': 'Not installed'}, 'python': {'version': '3.10.14', 'machine': 'AMD64'}}
  warnings.warn(

2025-01-01 22:23:07,939:INFO:Initializing predict_model()
2025-01-01 22:23:07,939:INFO:predict_model(self=<pycaret.classification.oop.ClassificationExperiment object at 0x00000268C93CCC70>, estimator=Pipeline(memory=Memory(location=None),
         steps=[('label_encoding',
                 TransformerWrapperWithInverse(transformer=LabelEncoder())),
                ('numerical_imputer',
                 TransformerWrapper(include=['mean_H', 'mean_S', 'mean_V',
                                             'mean_R', 'mean_G', 'mean_B',
                                             'variance_H', 'variance_S',
                                             'variance_V', 'variance_R',
                                             'variance_G', 'variance_B',
                                             'skewness_H', 'skewness_S',
                                             'skewness_V', 'skewnes...
                ('categorical_imputer',
                 TransformerWrapper(include=[],
                                    transformer=SimpleImputer(strategy='most_frequent'))),
                ('low_variance',
                 TransformerWrapper(exclude=[],
                                    transformer=VarianceThreshold(threshold=False))),
                ('balance',
                 TransformerWrapper(transformer=FixImbalancer(estimator=SMOTE(random_state=123)))),
                ('trained_model',
                 LGBMClassifier(device='gpu', n_jobs=-1, random_state=123))]), probability_threshold=None, encoded_labels=False, raw_score=False, round=4, verbose=True, ml_usecase=None, preprocess=True, encode_labels=<function _SupervisedExperiment.predict_model.<locals>.encode_labels at 0x00000268D9E91F30>)
2025-01-01 22:23:07,939:INFO:Checking exceptions
2025-01-01 22:23:07,939:INFO:Preloading libraries
2025-01-01 22:23:07,940:INFO:Set up data.
2025-01-01 22:23:07,966:INFO:Set up index.
2025-01-01 22:23:29,931:INFO:Initializing load_model()
2025-01-01 22:23:29,931:INFO:load_model(model_name=model/best_model_structured_SIP_High_Res_Binary, platform=None, authentication=None, verbose=True)
2025-01-01 22:23:29,943:WARNING:C:\Users\trazwa\AppData\Roaming\Python\Python310\site-packages\pycaret\internal\pipeline.py:145: UserWarning: Version mismatch:
current: {'deps_info': {'pip': '24.2', 'setuptools': '75.1.0', 'pycaret': '3.2.0', 'IPython': '8.31.0', 'ipywidgets': '8.1.2', 'tqdm': '4.66.2', 'numpy': '1.23.5', 'pandas': '1.5.3', 'jinja2': '3.1.3', 'scipy': '1.10.1', 'joblib': '1.3.2', 'sklearn': '1.2.2', 'pyod': '1.1.3', 'imblearn': '0.12.2', 'category_encoders': '2.6.3', 'lightgbm': '4.3.0', 'numba': '0.59.1', 'requests': '2.31.0', 'matplotlib': '3.6.0', 'scikitplot': '0.3.7', 'yellowbrick': '1.5', 'plotly': '5.21.0', 'plotly-resampler': 'Not installed', 'kaleido': '0.2.1', 'schemdraw': '0.15', 'statsmodels': '0.14.2', 'sktime': '0.21.1', 'tbats': '1.1.3', 'pmdarima': '2.0.4', 'psutil': '6.1.1', 'markupsafe': '2.1.5', 'pickle5': 'Not installed', 'cloudpickle': '3.0.0', 'deprecation': '2.1.0', 'xxhash': '3.5.0', 'wurlitzer': 'Not installed'}, 'python': {'version': '3.10.14', 'machine': 'AMD64'}}
pickle: {'deps_info': {'pip': '23.3.1', 'setuptools': '68.2.2', 'pycaret': '3.2.0', 'IPython': '8.23.0', 'ipywidgets': '8.1.2', 'tqdm': '4.66.2', 'numpy': '1.23.5', 'pandas': '1.5.3', 'jinja2': '3.1.3', 'scipy': '1.10.1', 'joblib': '1.3.2', 'sklearn': '1.2.2', 'pyod': '1.1.3', 'imblearn': '0.12.2', 'category_encoders': '2.6.3', 'lightgbm': '4.3.0', 'numba': '0.59.1', 'requests': '2.31.0', 'matplotlib': '3.6.0', 'scikitplot': '0.3.7', 'yellowbrick': '1.5', 'plotly': '5.21.0', 'plotly-resampler': 'Not installed', 'kaleido': '0.2.1', 'schemdraw': '0.15', 'statsmodels': '0.14.2', 'sktime': '0.21.1', 'tbats': '1.1.3', 'pmdarima': '2.0.4', 'psutil': '5.9.8', 'markupsafe': '2.1.5', 'pickle5': 'Not installed', 'cloudpickle': '3.0.0', 'deprecation': '2.1.0', 'xxhash': '3.4.1', 'wurlitzer': 'Not installed'}, 'python': {'version': '3.10.14', 'machine': 'AMD64'}}
  warnings.warn(

2025-01-01 22:23:29,991:INFO:Initializing predict_model()
2025-01-01 22:23:29,991:INFO:predict_model(self=<pycaret.classification.oop.ClassificationExperiment object at 0x00000268C90B36D0>, estimator=Pipeline(memory=Memory(location=None),
         steps=[('label_encoding',
                 TransformerWrapperWithInverse(transformer=LabelEncoder())),
                ('numerical_imputer',
                 TransformerWrapper(include=['mean_H', 'mean_S', 'mean_V',
                                             'mean_R', 'mean_G', 'mean_B',
                                             'variance_H', 'variance_S',
                                             'variance_V', 'variance_R',
                                             'variance_G', 'variance_B',
                                             'skewness_H', 'skewness_S',
                                             'skewness_V', 'skewnes...
                ('categorical_imputer',
                 TransformerWrapper(include=[],
                                    transformer=SimpleImputer(strategy='most_frequent'))),
                ('low_variance',
                 TransformerWrapper(exclude=[],
                                    transformer=VarianceThreshold(threshold=False))),
                ('balance',
                 TransformerWrapper(transformer=FixImbalancer(estimator=SMOTE(random_state=123)))),
                ('trained_model',
                 LGBMClassifier(device='gpu', n_jobs=-1, random_state=123))]), probability_threshold=None, encoded_labels=False, raw_score=False, round=4, verbose=True, ml_usecase=None, preprocess=True, encode_labels=<function _SupervisedExperiment.predict_model.<locals>.encode_labels at 0x00000268DCF8E560>)
2025-01-01 22:23:29,991:INFO:Checking exceptions
2025-01-01 22:23:29,991:INFO:Preloading libraries
2025-01-01 22:23:29,992:INFO:Set up data.
2025-01-01 22:23:30,020:INFO:Set up index.
2025-01-01 22:25:27,741:WARNING:
'cuml' is a soft dependency and not included in the pycaret installation. Please run: `pip install cuml` to install.
2025-01-01 22:25:27,741:WARNING:
'cuml' is a soft dependency and not included in the pycaret installation. Please run: `pip install cuml` to install.
2025-01-01 22:25:27,741:WARNING:
'cuml' is a soft dependency and not included in the pycaret installation. Please run: `pip install cuml` to install.
2025-01-01 22:25:27,741:WARNING:
'cuml' is a soft dependency and not included in the pycaret installation. Please run: `pip install cuml` to install.
2025-01-01 22:27:35,434:WARNING:
'cuml' is a soft dependency and not included in the pycaret installation. Please run: `pip install cuml` to install.
2025-01-01 22:27:35,434:WARNING:
'cuml' is a soft dependency and not included in the pycaret installation. Please run: `pip install cuml` to install.
2025-01-01 22:27:35,434:WARNING:
'cuml' is a soft dependency and not included in the pycaret installation. Please run: `pip install cuml` to install.
2025-01-01 22:27:35,434:WARNING:
'cuml' is a soft dependency and not included in the pycaret installation. Please run: `pip install cuml` to install.
2025-01-01 22:28:08,014:INFO:Initializing load_model()
2025-01-01 22:28:08,014:INFO:load_model(model_name=model/best_model_structured_SIP_High_Res_Binary, platform=None, authentication=None, verbose=True)
2025-01-01 22:28:08,135:WARNING:C:\Users\trazwa\AppData\Roaming\Python\Python310\site-packages\pycaret\internal\pipeline.py:145: UserWarning: Version mismatch:
current: {'deps_info': {'pip': '24.2', 'setuptools': '75.1.0', 'pycaret': '3.2.0', 'IPython': '8.31.0', 'ipywidgets': '8.1.2', 'tqdm': '4.66.2', 'numpy': '1.23.5', 'pandas': '1.5.3', 'jinja2': '3.1.3', 'scipy': '1.10.1', 'joblib': '1.3.2', 'sklearn': '1.2.2', 'pyod': '1.1.3', 'imblearn': '0.12.2', 'category_encoders': '2.6.3', 'lightgbm': '4.3.0', 'numba': '0.59.1', 'requests': '2.31.0', 'matplotlib': '3.6.0', 'scikitplot': '0.3.7', 'yellowbrick': '1.5', 'plotly': '5.21.0', 'plotly-resampler': 'Not installed', 'kaleido': '0.2.1', 'schemdraw': '0.15', 'statsmodels': '0.14.2', 'sktime': '0.21.1', 'tbats': '1.1.3', 'pmdarima': '2.0.4', 'psutil': '6.1.1', 'markupsafe': '2.1.5', 'pickle5': 'Not installed', 'cloudpickle': '3.0.0', 'deprecation': '2.1.0', 'xxhash': '3.5.0', 'wurlitzer': 'Not installed'}, 'python': {'version': '3.10.14', 'machine': 'AMD64'}}
pickle: {'deps_info': {'pip': '23.3.1', 'setuptools': '68.2.2', 'pycaret': '3.2.0', 'IPython': '8.23.0', 'ipywidgets': '8.1.2', 'tqdm': '4.66.2', 'numpy': '1.23.5', 'pandas': '1.5.3', 'jinja2': '3.1.3', 'scipy': '1.10.1', 'joblib': '1.3.2', 'sklearn': '1.2.2', 'pyod': '1.1.3', 'imblearn': '0.12.2', 'category_encoders': '2.6.3', 'lightgbm': '4.3.0', 'numba': '0.59.1', 'requests': '2.31.0', 'matplotlib': '3.6.0', 'scikitplot': '0.3.7', 'yellowbrick': '1.5', 'plotly': '5.21.0', 'plotly-resampler': 'Not installed', 'kaleido': '0.2.1', 'schemdraw': '0.15', 'statsmodels': '0.14.2', 'sktime': '0.21.1', 'tbats': '1.1.3', 'pmdarima': '2.0.4', 'psutil': '5.9.8', 'markupsafe': '2.1.5', 'pickle5': 'Not installed', 'cloudpickle': '3.0.0', 'deprecation': '2.1.0', 'xxhash': '3.4.1', 'wurlitzer': 'Not installed'}, 'python': {'version': '3.10.14', 'machine': 'AMD64'}}
  warnings.warn(

2025-01-01 22:28:08,236:INFO:Initializing predict_model()
2025-01-01 22:28:08,236:INFO:predict_model(self=<pycaret.classification.oop.ClassificationExperiment object at 0x00000284168C1A50>, estimator=Pipeline(memory=Memory(location=None),
         steps=[('label_encoding',
                 TransformerWrapperWithInverse(transformer=LabelEncoder())),
                ('numerical_imputer',
                 TransformerWrapper(include=['mean_H', 'mean_S', 'mean_V',
                                             'mean_R', 'mean_G', 'mean_B',
                                             'variance_H', 'variance_S',
                                             'variance_V', 'variance_R',
                                             'variance_G', 'variance_B',
                                             'skewness_H', 'skewness_S',
                                             'skewness_V', 'skewnes...
                ('categorical_imputer',
                 TransformerWrapper(include=[],
                                    transformer=SimpleImputer(strategy='most_frequent'))),
                ('low_variance',
                 TransformerWrapper(exclude=[],
                                    transformer=VarianceThreshold(threshold=False))),
                ('balance',
                 TransformerWrapper(transformer=FixImbalancer(estimator=SMOTE(random_state=123)))),
                ('trained_model',
                 LGBMClassifier(device='gpu', n_jobs=-1, random_state=123))]), probability_threshold=None, encoded_labels=False, raw_score=False, round=4, verbose=True, ml_usecase=None, preprocess=True, encode_labels=<function _SupervisedExperiment.predict_model.<locals>.encode_labels at 0x000002842C7A48B0>)
2025-01-01 22:28:08,236:INFO:Checking exceptions
2025-01-01 22:28:08,237:INFO:Preloading libraries
2025-01-01 22:28:08,237:INFO:Set up data.
2025-01-01 22:28:08,257:INFO:Set up index.
2025-01-01 22:29:44,439:WARNING:
'cuml' is a soft dependency and not included in the pycaret installation. Please run: `pip install cuml` to install.
2025-01-01 22:29:44,439:WARNING:
'cuml' is a soft dependency and not included in the pycaret installation. Please run: `pip install cuml` to install.
2025-01-01 22:29:44,439:WARNING:
'cuml' is a soft dependency and not included in the pycaret installation. Please run: `pip install cuml` to install.
2025-01-01 22:29:44,439:WARNING:
'cuml' is a soft dependency and not included in the pycaret installation. Please run: `pip install cuml` to install.
2025-01-01 22:34:17,800:WARNING:
'cuml' is a soft dependency and not included in the pycaret installation. Please run: `pip install cuml` to install.
2025-01-01 22:34:17,800:WARNING:
'cuml' is a soft dependency and not included in the pycaret installation. Please run: `pip install cuml` to install.
2025-01-01 22:34:17,800:WARNING:
'cuml' is a soft dependency and not included in the pycaret installation. Please run: `pip install cuml` to install.
2025-01-01 22:34:17,800:WARNING:
'cuml' is a soft dependency and not included in the pycaret installation. Please run: `pip install cuml` to install.
2025-01-01 22:34:42,266:INFO:Initializing load_model()
2025-01-01 22:34:42,266:INFO:load_model(model_name=model/best_model_structured_SIP_High_Res, platform=None, authentication=None, verbose=True)
2025-01-01 22:34:42,719:WARNING:C:\Users\trazwa\AppData\Roaming\Python\Python310\site-packages\pycaret\internal\pipeline.py:145: UserWarning: Version mismatch:
current: {'deps_info': {'pip': '24.2', 'setuptools': '75.1.0', 'pycaret': '3.2.0', 'IPython': '8.31.0', 'ipywidgets': '8.1.2', 'tqdm': '4.66.2', 'numpy': '1.23.5', 'pandas': '1.5.3', 'jinja2': '3.1.3', 'scipy': '1.10.1', 'joblib': '1.3.2', 'sklearn': '1.2.2', 'pyod': '1.1.3', 'imblearn': '0.12.2', 'category_encoders': '2.6.3', 'lightgbm': '4.3.0', 'numba': '0.59.1', 'requests': '2.31.0', 'matplotlib': '3.6.0', 'scikitplot': '0.3.7', 'yellowbrick': '1.5', 'plotly': '5.21.0', 'plotly-resampler': 'Not installed', 'kaleido': '0.2.1', 'schemdraw': '0.15', 'statsmodels': '0.14.2', 'sktime': '0.21.1', 'tbats': '1.1.3', 'pmdarima': '2.0.4', 'psutil': '6.1.1', 'markupsafe': '2.1.5', 'pickle5': 'Not installed', 'cloudpickle': '3.0.0', 'deprecation': '2.1.0', 'xxhash': '3.5.0', 'wurlitzer': 'Not installed'}, 'python': {'version': '3.10.14', 'machine': 'AMD64'}}
pickle: {'deps_info': {'pip': '23.3.1', 'setuptools': '68.2.2', 'pycaret': '3.2.0', 'IPython': '8.23.0', 'ipywidgets': '8.1.2', 'tqdm': '4.66.2', 'numpy': '1.23.5', 'pandas': '1.5.3', 'jinja2': '3.1.3', 'scipy': '1.10.1', 'joblib': '1.3.2', 'sklearn': '1.2.2', 'pyod': '1.1.3', 'imblearn': '0.12.2', 'category_encoders': '2.6.3', 'lightgbm': '4.3.0', 'numba': '0.59.1', 'requests': '2.31.0', 'matplotlib': '3.6.0', 'scikitplot': '0.3.7', 'yellowbrick': '1.5', 'plotly': '5.21.0', 'plotly-resampler': 'Not installed', 'kaleido': '0.2.1', 'schemdraw': '0.15', 'statsmodels': '0.14.2', 'sktime': '0.21.1', 'tbats': '1.1.3', 'pmdarima': '2.0.4', 'psutil': '5.9.8', 'markupsafe': '2.1.5', 'pickle5': 'Not installed', 'cloudpickle': '3.0.0', 'deprecation': '2.1.0', 'xxhash': '3.4.1', 'wurlitzer': 'Not installed'}, 'python': {'version': '3.10.14', 'machine': 'AMD64'}}
  warnings.warn(

2025-01-01 22:34:42,834:INFO:Initializing predict_model()
2025-01-01 22:34:42,834:INFO:predict_model(self=<pycaret.classification.oop.ClassificationExperiment object at 0x000001739DC8C130>, estimator=Pipeline(memory=Memory(location=None),
         steps=[('label_encoding',
                 TransformerWrapperWithInverse(transformer=LabelEncoder())),
                ('numerical_imputer',
                 TransformerWrapper(include=['mean_H', 'mean_S', 'mean_V',
                                             'mean_R', 'mean_G', 'mean_B',
                                             'variance_H', 'variance_S',
                                             'variance_V', 'variance_R',
                                             'variance_G', 'variance_B',
                                             'skewness_H', 'skewness_S',
                                             'skewness_V', 'skewnes...
                                                                          min_samples_leaf=5,
                                                                          min_samples_split=5,
                                                                          n_estimators=230,
                                                                          random_state=123,
                                                                          subsample=0.85)),
                                              ('Decision Tree Classifier',
                                               DecisionTreeClassifier(max_depth=16,
                                                                      max_features='log2',
                                                                      min_impurity_decrease=0.0002,
                                                                      min_samples_leaf=3,
                                                                      random_state=123))],
                                  n_jobs=1, voting='soft',
                                  weights=[0.9600000000000001, 0.68,
                                           0.36000000000000004,
                                           0.35000000000000003,
                                           0.15000000000000002]))]), probability_threshold=None, encoded_labels=False, raw_score=False, round=4, verbose=True, ml_usecase=None, preprocess=True, encode_labels=<function _SupervisedExperiment.predict_model.<locals>.encode_labels at 0x00000173B3F2C1F0>)
2025-01-01 22:34:42,834:INFO:Checking exceptions
2025-01-01 22:34:42,834:INFO:Preloading libraries
2025-01-01 22:34:42,835:INFO:Set up data.
2025-01-01 22:34:42,865:INFO:Set up index.
2025-01-01 22:35:11,373:INFO:Initializing load_model()
2025-01-01 22:35:11,373:INFO:load_model(model_name=model/best_model_structured_SIP_High_Res_Binary, platform=None, authentication=None, verbose=True)
2025-01-01 22:35:11,407:WARNING:C:\Users\trazwa\AppData\Roaming\Python\Python310\site-packages\pycaret\internal\pipeline.py:145: UserWarning: Version mismatch:
current: {'deps_info': {'pip': '24.2', 'setuptools': '75.1.0', 'pycaret': '3.2.0', 'IPython': '8.31.0', 'ipywidgets': '8.1.2', 'tqdm': '4.66.2', 'numpy': '1.23.5', 'pandas': '1.5.3', 'jinja2': '3.1.3', 'scipy': '1.10.1', 'joblib': '1.3.2', 'sklearn': '1.2.2', 'pyod': '1.1.3', 'imblearn': '0.12.2', 'category_encoders': '2.6.3', 'lightgbm': '4.3.0', 'numba': '0.59.1', 'requests': '2.31.0', 'matplotlib': '3.6.0', 'scikitplot': '0.3.7', 'yellowbrick': '1.5', 'plotly': '5.21.0', 'plotly-resampler': 'Not installed', 'kaleido': '0.2.1', 'schemdraw': '0.15', 'statsmodels': '0.14.2', 'sktime': '0.21.1', 'tbats': '1.1.3', 'pmdarima': '2.0.4', 'psutil': '6.1.1', 'markupsafe': '2.1.5', 'pickle5': 'Not installed', 'cloudpickle': '3.0.0', 'deprecation': '2.1.0', 'xxhash': '3.5.0', 'wurlitzer': 'Not installed'}, 'python': {'version': '3.10.14', 'machine': 'AMD64'}}
pickle: {'deps_info': {'pip': '23.3.1', 'setuptools': '68.2.2', 'pycaret': '3.2.0', 'IPython': '8.23.0', 'ipywidgets': '8.1.2', 'tqdm': '4.66.2', 'numpy': '1.23.5', 'pandas': '1.5.3', 'jinja2': '3.1.3', 'scipy': '1.10.1', 'joblib': '1.3.2', 'sklearn': '1.2.2', 'pyod': '1.1.3', 'imblearn': '0.12.2', 'category_encoders': '2.6.3', 'lightgbm': '4.3.0', 'numba': '0.59.1', 'requests': '2.31.0', 'matplotlib': '3.6.0', 'scikitplot': '0.3.7', 'yellowbrick': '1.5', 'plotly': '5.21.0', 'plotly-resampler': 'Not installed', 'kaleido': '0.2.1', 'schemdraw': '0.15', 'statsmodels': '0.14.2', 'sktime': '0.21.1', 'tbats': '1.1.3', 'pmdarima': '2.0.4', 'psutil': '5.9.8', 'markupsafe': '2.1.5', 'pickle5': 'Not installed', 'cloudpickle': '3.0.0', 'deprecation': '2.1.0', 'xxhash': '3.4.1', 'wurlitzer': 'Not installed'}, 'python': {'version': '3.10.14', 'machine': 'AMD64'}}
  warnings.warn(

2025-01-01 22:35:11,494:INFO:Initializing predict_model()
2025-01-01 22:35:11,494:INFO:predict_model(self=<pycaret.classification.oop.ClassificationExperiment object at 0x00000173AF9EBB20>, estimator=Pipeline(memory=Memory(location=None),
         steps=[('label_encoding',
                 TransformerWrapperWithInverse(transformer=LabelEncoder())),
                ('numerical_imputer',
                 TransformerWrapper(include=['mean_H', 'mean_S', 'mean_V',
                                             'mean_R', 'mean_G', 'mean_B',
                                             'variance_H', 'variance_S',
                                             'variance_V', 'variance_R',
                                             'variance_G', 'variance_B',
                                             'skewness_H', 'skewness_S',
                                             'skewness_V', 'skewnes...
                ('categorical_imputer',
                 TransformerWrapper(include=[],
                                    transformer=SimpleImputer(strategy='most_frequent'))),
                ('low_variance',
                 TransformerWrapper(exclude=[],
                                    transformer=VarianceThreshold(threshold=False))),
                ('balance',
                 TransformerWrapper(transformer=FixImbalancer(estimator=SMOTE(random_state=123)))),
                ('trained_model',
                 LGBMClassifier(device='gpu', n_jobs=-1, random_state=123))]), probability_threshold=None, encoded_labels=False, raw_score=False, round=4, verbose=True, ml_usecase=None, preprocess=True, encode_labels=<function _SupervisedExperiment.predict_model.<locals>.encode_labels at 0x00000173AFA46710>)
2025-01-01 22:35:11,494:INFO:Checking exceptions
2025-01-01 22:35:11,494:INFO:Preloading libraries
2025-01-01 22:35:11,495:INFO:Set up data.
2025-01-01 22:35:11,527:INFO:Set up index.
